Log file open, 04/25/19 12:45:57
LogWindows: Failed to load 'aqProf.dll' (GetLastError=126)
LogWindows: File 'aqProf.dll' does not exist
LogWindows: Failed to load 'VtuneApi.dll' (GetLastError=126)
LogWindows: File 'VtuneApi.dll' does not exist
LogWindows: Failed to load 'VtuneApi32e.dll' (GetLastError=126)
LogWindows: File 'VtuneApi32e.dll' does not exist
LogConsoleResponse: Display: Failed to find resolution value strings in scalability ini. Falling back to default.
LogInit: Display: Running engine for game: Adventure
LogPakFile: Registered encryption key '00000000000000000000000000000000': 0 pak files mounted, 0 remain pending
LogPlatformFile: Not using cached read wrapper
LogTaskGraph: Started task graph with 5 named threads and 23 total threads with 3 sets of task threads.
LogStats: Stats thread started at 0.336648
LogD3D11RHI: Loaded GFSDK_Aftermath_Lib.x64.dll
LogWindows: Failed to load '../../../Engine/Binaries/ThirdParty/libsndfile/Win64/libsndfile-1.dll' (GetLastError=126)
LogWindows: File '../../../Engine/Binaries/ThirdParty/libsndfile/Win64/libsndfile-1.dll' does not exist
LogAudioMixer: Display: Failed to load Sound File dll
LogAudioEditor: Display: LibSoundFile failed to load. Importing audio will not work correctly.
LogICUInternationalization: ICU TimeZone Detection - Raw Offset: +1:00, Platform Override: ''
LogPluginManager: Mounting plugin Paper2D
LogPluginManager: Mounting plugin AISupport
LogPluginManager: Mounting plugin LightPropagationVolume
LogPluginManager: Mounting plugin ActorLayerUtilities
LogPluginManager: Mounting plugin AnimationSharing
LogPluginManager: Mounting plugin CLionSourceCodeAccess
LogPluginManager: Mounting plugin CodeLiteSourceCodeAccess
LogPluginManager: Mounting plugin GitSourceControl
LogPluginManager: Mounting plugin KDevelopSourceCodeAccess
LogPluginManager: Mounting plugin NullSourceCodeAccess
LogPluginManager: Mounting plugin PerforceSourceControl
LogPluginManager: Mounting plugin SubversionSourceControl
LogPluginManager: Mounting plugin UObjectPlugin
LogPluginManager: Mounting plugin VisualStudioCodeSourceCodeAccess
LogPluginManager: Mounting plugin VisualStudioSourceCodeAccess
LogPluginManager: Mounting plugin XCodeSourceCodeAccess
LogPluginManager: Mounting plugin AssetManagerEditor
LogPluginManager: Mounting plugin CryptoKeys
LogPluginManager: Mounting plugin DataValidation
LogPluginManager: Mounting plugin FacialAnimation
LogPluginManager: Mounting plugin GameplayTagsEditor
LogPluginManager: Mounting plugin MacGraphicsSwitching
LogPluginManager: Mounting plugin MaterialAnalyzer
LogPluginManager: Mounting plugin MobileLauncherProfileWizard
LogPluginManager: Mounting plugin PluginBrowser
LogPluginManager: Mounting plugin SpeedTreeImporter
LogPluginManager: Mounting plugin DatasmithContent
LogPluginManager: Mounting plugin VariantManagerContent
LogPluginManager: Mounting plugin AlembicImporter
LogPluginManager: Mounting plugin AppleImageUtils
LogPluginManager: Mounting plugin AppleVision
LogPluginManager: Mounting plugin BackChannel
LogPluginManager: Mounting plugin CharacterAI
LogPluginManager: Mounting plugin GeometryCache
LogPluginManager: Mounting plugin HTML5Networking
LogPluginManager: Mounting plugin ProxyLODPlugin
LogPluginManager: Mounting plugin SkeletalReduction
LogPluginManager: Mounting plugin MagicLeap
LogPluginManager: Mounting plugin MagicLeapMedia
LogPluginManager: Mounting plugin AndroidMedia
LogPluginManager: Mounting plugin AvfMedia
LogPluginManager: Mounting plugin ImgMedia
LogPluginManager: Mounting plugin LinearTimecode
LogPluginManager: Mounting plugin MediaCompositing
LogPluginManager: Mounting plugin MediaPlayerEditor
LogPluginManager: Mounting plugin WebMMedia
LogPluginManager: Mounting plugin WmfMedia
LogPluginManager: Mounting plugin TcpMessaging
LogPluginManager: Mounting plugin UdpMessaging
LogPluginManager: Mounting plugin ActorSequence
LogPluginManager: Mounting plugin LevelSequenceEditor
LogPluginManager: Mounting plugin MatineeToLevelSequence
LogPluginManager: Mounting plugin NetcodeUnitTest
LogPluginManager: Mounting plugin NUTUnrealEngine4
LogPluginManager: Mounting plugin OnlineSubsystemGooglePlay
LogPluginManager: Mounting plugin OnlineSubsystemIOS
LogPluginManager: Mounting plugin OnlineSubsystem
LogPluginManager: Mounting plugin OnlineSubsystemNull
LogPluginManager: Mounting plugin OnlineSubsystemUtils
LogPluginManager: Mounting plugin LauncherChunkInstaller
LogPluginManager: Mounting plugin AndroidDeviceProfileSelector
LogPluginManager: Mounting plugin AndroidMoviePlayer
LogPluginManager: Mounting plugin AndroidPermission
LogPluginManager: Mounting plugin AppleMoviePlayer
LogPluginManager: Mounting plugin ArchVisCharacter
LogPluginManager: Mounting plugin AudioCapture
LogPluginManager: Mounting plugin CableComponent
LogPluginManager: Mounting plugin CustomMeshComponent
LogPluginManager: Mounting plugin EditableMesh
LogPluginManager: Mounting plugin ExampleDeviceProfileSelector
LogPluginManager: Mounting plugin Firebase
LogPluginManager: Mounting plugin GoogleCloudMessaging
LogPluginManager: Mounting plugin IOSDeviceProfileSelector
LogPluginManager: Mounting plugin LinuxDeviceProfileSelector
LogPluginManager: Mounting plugin LocationServicesBPLibrary
LogPluginManager: Mounting plugin MobilePatchingUtils
LogPluginManager: Mounting plugin OculusVR
LogPluginManager: Mounting plugin PhysXVehicles
LogPluginManager: Mounting plugin ProceduralMeshComponent
LogPluginManager: Mounting plugin RuntimePhysXCooking
LogPluginManager: Mounting plugin SignificanceManager
LogPluginManager: Mounting plugin SteamVR
LogPluginManager: Mounting plugin WebMMoviePlayer
LogPluginManager: Mounting plugin WindowsMoviePlayer
LogInit: Using libcurl 7.55.1-DEV
LogInit:  - built for x86_64-pc-win32
LogInit:  - supports SSL with OpenSSL/1.1.1
LogInit:  - supports HTTP deflate (compression) using libz 1.2.8
LogInit:  - other features:
LogInit:      CURL_VERSION_SSL
LogInit:      CURL_VERSION_LIBZ
LogInit:      CURL_VERSION_IPV6
LogInit:      CURL_VERSION_ASYNCHDNS
LogInit:      CURL_VERSION_LARGEFILE
LogInit:      CURL_VERSION_IDN
LogInit:  CurlRequestOptions (configurable via config and command line):
LogInit:  - bVerifyPeer = true  - Libcurl will verify peer certificate
LogInit:  - bUseHttpProxy = false  - Libcurl will NOT use HTTP proxy
LogInit:  - bDontReuseConnections = false  - Libcurl will reuse connections
LogInit:  - MaxHostConnections = 16  - Libcurl will limit the number of connections to a host
LogInit:  - LocalHostAddr = Default
LogInit:  - BufferSize = 65536
LogInit: WinSock: version 1.1 (2.2), MaxSocks=32767, MaxUdp=65467
LogInit: Build: ++UE4+Release-4.22-CL-5660361
LogInit: Engine Version: 4.22.0-5660361+++UE4+Release-4.22
LogInit: Compatible Engine Version: 4.22.0-5660361+++UE4+Release-4.22
LogInit: Net CL: 5660361
LogInit: OS: Windows 10 (Release 1809) (), CPU: Intel(R) Core(TM) i7-4700MQ CPU @ 2.40GHz, GPU: Intel(R) HD Graphics 4600
LogInit: Compiled (64-bit): Mar 31 2019 02:05:09
LogInit: Compiled with Visual C++: 19.16.27025.01
LogInit: Build Configuration: Development
LogInit: Branch Name: ++UE4+Release-4.22
LogInit: Command Line:  -EpicPortal -epicusername=MineModExpert -epicuserid=3fa017c412864d8f9a2f53a64ed4235b -epiclocale=de-DE
LogInit: Base Directory: E:/Programme/Unreal_Engine/UE_4.22/Engine/Binaries/Win64/
LogInit: Installed Engine Build: 1
LogDevObjectVersion: Number of dev versions registered: 23
LogDevObjectVersion:   Dev-Blueprints (B0D832E4-1F89-4F0D-ACCF-7EB736FD4AA2): 10
LogDevObjectVersion:   Dev-Build (E1C64328-A22C-4D53-A36C-8E866417BD8C): 0
LogDevObjectVersion:   Dev-Core (375EC13C-06E4-48FB-B500-84F0262A717E): 3
LogDevObjectVersion:   Dev-Editor (E4B068ED-F494-42E9-A231-DA0B2E46BB41): 30
LogDevObjectVersion:   Dev-Framework (CFFC743F-43B0-4480-9391-14DF171D2073): 35
LogDevObjectVersion:   Dev-Mobile (B02B49B5-BB20-44E9-A304-32B752E40360): 2
LogDevObjectVersion:   Dev-Networking (A4E4105C-59A1-49B5-A7C5-40C4547EDFEE): 0
LogDevObjectVersion:   Dev-Online (39C831C9-5AE6-47DC-9A44-9C173E1C8E7C): 0
LogDevObjectVersion:   Dev-Physics (78F01B33-EBEA-4F98-B9B4-84EACCB95AA2): 0
LogDevObjectVersion:   Dev-Platform (6631380F-2D4D-43E0-8009-CF276956A95A): 0
LogDevObjectVersion:   Dev-Rendering (12F88B9F-8875-4AFC-A67C-D90C383ABD29): 28
LogDevObjectVersion:   Dev-Sequencer (7B5AE74C-D270-4C10-A958-57980B212A5A): 11
LogDevObjectVersion:   Dev-VR (D7296918-1DD6-4BDD-9DE2-64A83CC13884): 2
LogDevObjectVersion:   Dev-LoadTimes (C2A15278-BFE7-4AFE-6C17-90FF531DF755): 1
LogDevObjectVersion:   Private-Geometry (6EACA3D4-40EC-4CC1-B786-8BED09428FC5): 3
LogDevObjectVersion:   Dev-AnimPhys (29E575DD-E0A3-4627-9D10-D276232CDCEA): 17
LogDevObjectVersion:   Dev-Anim (AF43A65D-7FD3-4947-9873-3E8ED9C1BB05): 2
LogDevObjectVersion:   Dev-ReflectionCapture (6B266CEC-1EC7-4B8F-A30B-E4D90942FC07): 1
LogDevObjectVersion:   Dev-Automation (0DF73D61-A23F-47EA-B727-89E90C41499A): 1
LogDevObjectVersion:   FortniteMain (601D1886-AC64-4F84-AA16-D3DE0DEAC7D6): 25
LogDevObjectVersion:   Dev-Enterprise (9DFFBCD6-494F-0158-E221-12823C92A888): 6
LogDevObjectVersion:   Dev-Niagara (F2AED0AC-9AFE-416F-8664-AA7FFA26D6FC): 1
LogDevObjectVersion:   Dev-Destruction (174F1F0B-B4C6-45A5-B13F-2EE8D0FB917D): 2
LogInit: Presizing for max 16777216 objects, including 0 objects not considered by GC, pre-allocating 0 bytes for permanent pool.
LogInit: Object subsystem initialized
LogConfig: Setting CVar [[con.DebugEarlyDefault:1]]
LogConfig: Setting CVar [[r.setres:1280x720]]
[2019.04.25-10.45.57:519][  0]LogConfig: Setting CVar [[r.VSync:0]]
[2019.04.25-10.45.57:519][  0]LogConfig: Setting CVar [[r.RHICmdBypass:0]]
[2019.04.25-10.45.57:519][  0]LogConfig: Applying CVar settings from Section [/Script/Engine.RendererSettings] File [E:/Dateien/Github/CD-Camp/CD-Camp_2D_Adventure/Unreal_Projekt/Adventure/Saved/Config/Windows/Engine.ini]
[2019.04.25-10.45.57:519][  0]LogConfig: Setting CVar [[r.GPUCrashDebugging:0]]
[2019.04.25-10.45.57:519][  0]LogConfig: Applying CVar settings from Section [/Script/Engine.RendererOverrideSettings] File [E:/Dateien/Github/CD-Camp/CD-Camp_2D_Adventure/Unreal_Projekt/Adventure/Saved/Config/Windows/Engine.ini]
[2019.04.25-10.45.57:519][  0]LogConfig: Applying CVar settings from Section [/Script/Engine.StreamingSettings] File [E:/Dateien/Github/CD-Camp/CD-Camp_2D_Adventure/Unreal_Projekt/Adventure/Saved/Config/Windows/Engine.ini]
[2019.04.25-10.45.57:519][  0]LogConfig: Setting CVar [[s.MinBulkDataSizeForAsyncLoading:131072]]
[2019.04.25-10.45.57:519][  0]LogConfig: Setting CVar [[s.AsyncLoadingThreadEnabled:0]]
[2019.04.25-10.45.57:520][  0]LogConfig: Setting CVar [[s.EventDrivenLoaderEnabled:1]]
[2019.04.25-10.45.57:520][  0]LogConfig: Setting CVar [[s.WarnIfTimeLimitExceeded:0]]
[2019.04.25-10.45.57:520][  0]LogConfig: Setting CVar [[s.TimeLimitExceededMultiplier:1.5]]
[2019.04.25-10.45.57:520][  0]LogConfig: Setting CVar [[s.TimeLimitExceededMinTime:0.005]]
[2019.04.25-10.45.57:520][  0]LogConfig: Setting CVar [[s.UseBackgroundLevelStreaming:1]]
[2019.04.25-10.45.57:520][  0]LogConfig: Setting CVar [[s.PriorityAsyncLoadingExtraTime:15.0]]
[2019.04.25-10.45.57:520][  0]LogConfig: Setting CVar [[s.LevelStreamingActorsUpdateTimeLimit:5.0]]
[2019.04.25-10.45.57:520][  0]LogConfig: Setting CVar [[s.PriorityLevelStreamingActorsUpdateExtraTime:5.0]]
[2019.04.25-10.45.57:520][  0]LogConfig: Setting CVar [[s.LevelStreamingComponentsRegistrationGranularity:10]]
[2019.04.25-10.45.57:520][  0]LogConfig: Setting CVar [[s.UnregisterComponentsTimeLimit:1.0]]
[2019.04.25-10.45.57:520][  0]LogConfig: Setting CVar [[s.LevelStreamingComponentsUnregistrationGranularity:5]]
[2019.04.25-10.45.57:520][  0]LogConfig: Applying CVar settings from Section [/Script/Engine.GarbageCollectionSettings] File [E:/Dateien/Github/CD-Camp/CD-Camp_2D_Adventure/Unreal_Projekt/Adventure/Saved/Config/Windows/Engine.ini]
[2019.04.25-10.45.57:520][  0]LogConfig: Setting CVar [[gc.MaxObjectsNotConsideredByGC:1]]
[2019.04.25-10.45.57:520][  0]LogConfig: Setting CVar [[gc.SizeOfPermanentObjectPool:0]]
[2019.04.25-10.45.57:521][  0]LogConfig: Setting CVar [[gc.FlushStreamingOnGC:0]]
[2019.04.25-10.45.57:521][  0]LogConfig: Setting CVar [[gc.NumRetriesBeforeForcingGC:10]]
[2019.04.25-10.45.57:521][  0]LogConfig: Setting CVar [[gc.AllowParallelGC:1]]
[2019.04.25-10.45.57:521][  0]LogConfig: Setting CVar [[gc.TimeBetweenPurgingPendingKillObjects:61.1]]
[2019.04.25-10.45.57:521][  0]LogConfig: Setting CVar [[gc.MaxObjectsInEditor:16777216]]
[2019.04.25-10.45.57:521][  0]LogConfig: Setting CVar [[gc.IncrementalBeginDestroyEnabled:1]]
[2019.04.25-10.45.57:521][  0]LogConfig: Setting CVar [[gc.CreateGCClusters:1]]
[2019.04.25-10.45.57:521][  0]LogConfig: Setting CVar [[gc.MinGCClusterSize:5]]
[2019.04.25-10.45.57:521][  0]LogConfig: Setting CVar [[gc.ActorClusteringEnabled:0]]
[2019.04.25-10.45.57:521][  0]LogConfig: Setting CVar [[gc.BlueprintClusteringEnabled:0]]
[2019.04.25-10.45.57:521][  0]LogConfig: Setting CVar [[gc.UseDisregardForGCOnDedicatedServers:0]]
[2019.04.25-10.45.57:521][  0]LogConfig: Applying CVar settings from Section [/Script/Engine.NetworkSettings] File [E:/Dateien/Github/CD-Camp/CD-Camp_2D_Adventure/Unreal_Projekt/Adventure/Saved/Config/Windows/Engine.ini]
[2019.04.25-10.45.57:521][  0]LogConfig: Applying CVar settings from Section [/Script/UnrealEd.CookerSettings] File [E:/Dateien/Github/CD-Camp/CD-Camp_2D_Adventure/Unreal_Projekt/Adventure/Saved/Config/Windows/Engine.ini]
[2019.04.25-10.45.57:538][  0]LogConfig: Applying CVar settings from Section [ViewDistanceQuality@3] File [E:/Dateien/Github/CD-Camp/CD-Camp_2D_Adventure/Unreal_Projekt/Adventure/Saved/Config/Windows/Scalability.ini]
[2019.04.25-10.45.57:538][  0]LogConfig: Setting CVar [[r.SkeletalMeshLODBias:0]]
[2019.04.25-10.45.57:538][  0]LogConfig: Setting CVar [[r.ViewDistanceScale:1.0]]
[2019.04.25-10.45.57:538][  0]LogConfig: Applying CVar settings from Section [AntiAliasingQuality@3] File [E:/Dateien/Github/CD-Camp/CD-Camp_2D_Adventure/Unreal_Projekt/Adventure/Saved/Config/Windows/Scalability.ini]
[2019.04.25-10.45.57:538][  0]LogConfig: Setting CVar [[r.PostProcessAAQuality:4]]
[2019.04.25-10.45.57:538][  0]LogConfig: Applying CVar settings from Section [ShadowQuality@3] File [E:/Dateien/Github/CD-Camp/CD-Camp_2D_Adventure/Unreal_Projekt/Adventure/Saved/Config/Windows/Scalability.ini]
[2019.04.25-10.45.57:538][  0]LogConfig: Setting CVar [[r.LightFunctionQuality:1]]
[2019.04.25-10.45.57:538][  0]LogConfig: Setting CVar [[r.ShadowQuality:5]]
[2019.04.25-10.45.57:538][  0]LogConfig: Setting CVar [[r.Shadow.CSM.MaxCascades:10]]
[2019.04.25-10.45.57:538][  0]LogConfig: Setting CVar [[r.Shadow.MaxResolution:2048]]
[2019.04.25-10.45.57:539][  0]LogConfig: Setting CVar [[r.Shadow.MaxCSMResolution:2048]]
[2019.04.25-10.45.57:539][  0]LogConfig: Setting CVar [[r.Shadow.RadiusThreshold:0.01]]
[2019.04.25-10.45.57:539][  0]LogConfig: Setting CVar [[r.Shadow.DistanceScale:1.0]]
[2019.04.25-10.45.57:539][  0]LogConfig: Setting CVar [[r.Shadow.CSM.TransitionScale:1.0]]
[2019.04.25-10.45.57:539][  0]LogConfig: Setting CVar [[r.Shadow.PreShadowResolutionFactor:1.0]]
[2019.04.25-10.45.57:539][  0]LogConfig: Setting CVar [[r.DistanceFieldShadowing:1]]
[2019.04.25-10.45.57:539][  0]LogConfig: Setting CVar [[r.DistanceFieldAO:1]]
[2019.04.25-10.45.57:539][  0]LogConfig: Setting CVar [[r.AOQuality:2]]
[2019.04.25-10.45.57:539][  0]LogConfig: Setting CVar [[r.VolumetricFog:1]]
[2019.04.25-10.45.57:539][  0]LogConfig: Setting CVar [[r.VolumetricFog.GridPixelSize:8]]
[2019.04.25-10.45.57:539][  0]LogConfig: Setting CVar [[r.VolumetricFog.GridSizeZ:128]]
[2019.04.25-10.45.57:539][  0]LogConfig: Setting CVar [[r.VolumetricFog.HistoryMissSupersampleCount:4]]
[2019.04.25-10.45.57:539][  0]LogConfig: Setting CVar [[r.LightMaxDrawDistanceScale:1]]
[2019.04.25-10.45.57:539][  0]LogConfig: Setting CVar [[r.CapsuleShadows:1]]
[2019.04.25-10.45.57:539][  0]LogConfig: Applying CVar settings from Section [PostProcessQuality@3] File [E:/Dateien/Github/CD-Camp/CD-Camp_2D_Adventure/Unreal_Projekt/Adventure/Saved/Config/Windows/Scalability.ini]
[2019.04.25-10.45.57:539][  0]LogConfig: Setting CVar [[r.MotionBlurQuality:4]]
[2019.04.25-10.45.57:539][  0]LogConfig: Setting CVar [[r.AmbientOcclusionMipLevelFactor:0.4]]
[2019.04.25-10.45.57:539][  0]LogConfig: Setting CVar [[r.AmbientOcclusionMaxQuality:100]]
[2019.04.25-10.45.57:540][  0]LogConfig: Setting CVar [[r.AmbientOcclusionLevels:-1]]
[2019.04.25-10.45.57:540][  0]LogConfig: Setting CVar [[r.AmbientOcclusionRadiusScale:1.0]]
[2019.04.25-10.45.57:540][  0]LogConfig: Setting CVar [[r.DepthOfFieldQuality:2]]
[2019.04.25-10.45.57:540][  0]LogConfig: Setting CVar [[r.RenderTargetPoolMin:400]]
[2019.04.25-10.45.57:540][  0]LogConfig: Setting CVar [[r.LensFlareQuality:2]]
[2019.04.25-10.45.57:540][  0]LogConfig: Setting CVar [[r.SceneColorFringeQuality:1]]
[2019.04.25-10.45.57:540][  0]LogConfig: Setting CVar [[r.EyeAdaptationQuality:2]]
[2019.04.25-10.45.57:540][  0]LogConfig: Setting CVar [[r.BloomQuality:5]]
[2019.04.25-10.45.57:540][  0]LogConfig: Setting CVar [[r.FastBlurThreshold:100]]
[2019.04.25-10.45.57:540][  0]LogConfig: Setting CVar [[r.Upscale.Quality:3]]
[2019.04.25-10.45.57:540][  0]LogConfig: Setting CVar [[r.Tonemapper.GrainQuantization:1]]
[2019.04.25-10.45.57:540][  0]LogConfig: Setting CVar [[r.LightShaftQuality:1]]
[2019.04.25-10.45.57:540][  0]LogConfig: Setting CVar [[r.Filter.SizeScale:1]]
[2019.04.25-10.45.57:540][  0]LogConfig: Setting CVar [[r.Tonemapper.Quality:5]]
[2019.04.25-10.45.57:540][  0]LogConfig: Setting CVar [[r.DOF.Gather.AccumulatorQuality:1        ; higher gathering accumulator quality]]
[2019.04.25-10.45.57:540][  0]LogConfig: Setting CVar [[r.DOF.Gather.PostfilterMethod:1          ; Median3x3 postfilering method]]
[2019.04.25-10.45.57:540][  0]LogConfig: Setting CVar [[r.DOF.Gather.EnableBokehSettings:0       ; no bokeh simulation when gathering]]
[2019.04.25-10.45.57:540][  0]LogConfig: Setting CVar [[r.DOF.Gather.RingCount:4                 ; medium number of samples when gathering]]
[2019.04.25-10.45.57:541][  0]LogConfig: Setting CVar [[r.DOF.Scatter.ForegroundCompositing:1    ; additive foreground scattering]]
[2019.04.25-10.45.57:541][  0]LogConfig: Setting CVar [[r.DOF.Scatter.BackgroundCompositing:2    ; additive background scattering]]
[2019.04.25-10.45.57:541][  0]LogConfig: Setting CVar [[r.DOF.Scatter.EnableBokehSettings:1      ; bokeh simulation when scattering]]
[2019.04.25-10.45.57:541][  0]LogConfig: Setting CVar [[r.DOF.Scatter.MaxSpriteRatio:0.1         ; only a maximum of 10% of scattered bokeh]]
[2019.04.25-10.45.57:541][  0]LogConfig: Setting CVar [[r.DOF.Recombine.Quality:1                ; cheap slight out of focus]]
[2019.04.25-10.45.57:541][  0]LogConfig: Setting CVar [[r.DOF.Recombine.EnableBokehSettings:0    ; no bokeh simulation on slight out of focus]]
[2019.04.25-10.45.57:541][  0]LogConfig: Setting CVar [[r.DOF.TemporalAAQuality:1                ; more stable temporal accumulation]]
[2019.04.25-10.45.57:541][  0]LogConfig: Setting CVar [[r.DOF.Kernel.MaxForegroundRadius:0.025]]
[2019.04.25-10.45.57:541][  0]LogConfig: Setting CVar [[r.DOF.Kernel.MaxBackgroundRadius:0.025]]
[2019.04.25-10.45.57:541][  0]LogConfig: Applying CVar settings from Section [TextureQuality@3] File [E:/Dateien/Github/CD-Camp/CD-Camp_2D_Adventure/Unreal_Projekt/Adventure/Saved/Config/Windows/Scalability.ini]
[2019.04.25-10.45.57:541][  0]LogConfig: Setting CVar [[r.Streaming.MipBias:0]]
[2019.04.25-10.45.57:541][  0]LogConfig: Setting CVar [[r.Streaming.AmortizeCPUToGPUCopy:0]]
[2019.04.25-10.45.57:541][  0]LogConfig: Setting CVar [[r.Streaming.MaxNumTexturesToStreamPerFrame:0]]
[2019.04.25-10.45.57:541][  0]LogConfig: Setting CVar [[r.Streaming.Boost:1]]
[2019.04.25-10.45.57:541][  0]LogConfig: Setting CVar [[r.MaxAnisotropy:8]]
[2019.04.25-10.45.57:541][  0]LogConfig: Setting CVar [[r.Streaming.LimitPoolSizeToVRAM:0]]
[2019.04.25-10.45.57:541][  0]LogConfig: Setting CVar [[r.Streaming.PoolSize:1000]]
[2019.04.25-10.45.57:541][  0]LogConfig: Setting CVar [[r.Streaming.MaxEffectiveScreenSize:0]]
[2019.04.25-10.45.57:542][  0]LogConfig: Applying CVar settings from Section [EffectsQuality@3] File [E:/Dateien/Github/CD-Camp/CD-Camp_2D_Adventure/Unreal_Projekt/Adventure/Saved/Config/Windows/Scalability.ini]
[2019.04.25-10.45.57:542][  0]LogConfig: Setting CVar [[r.TranslucencyLightingVolumeDim:64]]
[2019.04.25-10.45.57:542][  0]LogConfig: Setting CVar [[r.RefractionQuality:2]]
[2019.04.25-10.45.57:542][  0]LogConfig: Setting CVar [[r.SSR.Quality:3]]
[2019.04.25-10.45.57:542][  0]LogConfig: Setting CVar [[r.SceneColorFormat:4]]
[2019.04.25-10.45.57:542][  0]LogConfig: Setting CVar [[r.DetailMode:2]]
[2019.04.25-10.45.57:542][  0]LogConfig: Setting CVar [[r.TranslucencyVolumeBlur:1]]
[2019.04.25-10.45.57:542][  0]LogConfig: Setting CVar [[r.MaterialQualityLevel:1 ; High quality]]
[2019.04.25-10.45.57:542][  0]LogConfig: Setting CVar [[r.SSS.Scale:1]]
[2019.04.25-10.45.57:542][  0]LogConfig: Setting CVar [[r.SSS.SampleSet:2]]
[2019.04.25-10.45.57:542][  0]LogConfig: Setting CVar [[r.SSS.Quality:1]]
[2019.04.25-10.45.57:542][  0]LogConfig: Setting CVar [[r.SSS.HalfRes:1]]
[2019.04.25-10.45.57:542][  0]LogConfig: Setting CVar [[r.EmitterSpawnRateScale:1.0]]
[2019.04.25-10.45.57:542][  0]LogConfig: Setting CVar [[r.ParticleLightQuality:2]]
[2019.04.25-10.45.57:542][  0]LogConfig: Applying CVar settings from Section [FoliageQuality@3] File [E:/Dateien/Github/CD-Camp/CD-Camp_2D_Adventure/Unreal_Projekt/Adventure/Saved/Config/Windows/Scalability.ini]
[2019.04.25-10.45.57:542][  0]LogConfig: Setting CVar [[foliage.DensityScale:1.0]]
[2019.04.25-10.45.57:542][  0]LogConfig: Setting CVar [[grass.DensityScale:1.0]]
[2019.04.25-10.45.57:543][  0]LogInit: Selected Device Profile: [Windows]
[2019.04.25-10.45.57:543][  0]LogInit: Applying CVar settings loaded from the selected device profile: [Windows]
[2019.04.25-10.45.57:562][  0]LogHAL: Display: Platform has ~ 16 GB [17061687296 / 17179869184 / 16], which maps to Larger [LargestMinGB=32, LargerMinGB=12, DefaultMinGB=8, SmallerMinGB=6, SmallestMinGB=0)
[2019.04.25-10.45.57:562][  0]LogConfig: Setting CVar [[r.Vulkan.UseRealUBs:0		; Required until we fix HLR fall-out]]
[2019.04.25-10.45.57:562][  0]LogInit: Going up to parent DeviceProfile []
[2019.04.25-10.45.57:563][  0]LogConfig: Applying CVar settings from Section [ViewDistanceQuality@3] File [E:/Dateien/Github/CD-Camp/CD-Camp_2D_Adventure/Unreal_Projekt/Adventure/Saved/Config/Windows/Scalability.ini]
[2019.04.25-10.45.57:563][  0]LogConfig: Setting CVar [[r.SkeletalMeshLODBias:0]]
[2019.04.25-10.45.57:563][  0]LogConfig: Setting CVar [[r.ViewDistanceScale:1.0]]
[2019.04.25-10.45.57:563][  0]LogConfig: Applying CVar settings from Section [AntiAliasingQuality@3] File [E:/Dateien/Github/CD-Camp/CD-Camp_2D_Adventure/Unreal_Projekt/Adventure/Saved/Config/Windows/Scalability.ini]
[2019.04.25-10.45.57:563][  0]LogConfig: Setting CVar [[r.PostProcessAAQuality:4]]
[2019.04.25-10.45.57:563][  0]LogConfig: Applying CVar settings from Section [ShadowQuality@3] File [E:/Dateien/Github/CD-Camp/CD-Camp_2D_Adventure/Unreal_Projekt/Adventure/Saved/Config/Windows/Scalability.ini]
[2019.04.25-10.45.57:563][  0]LogConfig: Setting CVar [[r.LightFunctionQuality:1]]
[2019.04.25-10.45.57:563][  0]LogConfig: Setting CVar [[r.ShadowQuality:5]]
[2019.04.25-10.45.57:563][  0]LogConfig: Setting CVar [[r.Shadow.CSM.MaxCascades:10]]
[2019.04.25-10.45.57:563][  0]LogConfig: Setting CVar [[r.Shadow.MaxResolution:2048]]
[2019.04.25-10.45.57:563][  0]LogConfig: Setting CVar [[r.Shadow.MaxCSMResolution:2048]]
[2019.04.25-10.45.57:563][  0]LogConfig: Setting CVar [[r.Shadow.RadiusThreshold:0.01]]
[2019.04.25-10.45.57:563][  0]LogConfig: Setting CVar [[r.Shadow.DistanceScale:1.0]]
[2019.04.25-10.45.57:563][  0]LogConfig: Setting CVar [[r.Shadow.CSM.TransitionScale:1.0]]
[2019.04.25-10.45.57:563][  0]LogConfig: Setting CVar [[r.Shadow.PreShadowResolutionFactor:1.0]]
[2019.04.25-10.45.57:563][  0]LogConfig: Setting CVar [[r.DistanceFieldShadowing:1]]
[2019.04.25-10.45.57:563][  0]LogConfig: Setting CVar [[r.DistanceFieldAO:1]]
[2019.04.25-10.45.57:563][  0]LogConfig: Setting CVar [[r.AOQuality:2]]
[2019.04.25-10.45.57:563][  0]LogConfig: Setting CVar [[r.VolumetricFog:1]]
[2019.04.25-10.45.57:563][  0]LogConfig: Setting CVar [[r.VolumetricFog.GridPixelSize:8]]
[2019.04.25-10.45.57:563][  0]LogConfig: Setting CVar [[r.VolumetricFog.GridSizeZ:128]]
[2019.04.25-10.45.57:563][  0]LogConfig: Setting CVar [[r.VolumetricFog.HistoryMissSupersampleCount:4]]
[2019.04.25-10.45.57:563][  0]LogConfig: Setting CVar [[r.LightMaxDrawDistanceScale:1]]
[2019.04.25-10.45.57:563][  0]LogConfig: Setting CVar [[r.CapsuleShadows:1]]
[2019.04.25-10.45.57:563][  0]LogConfig: Applying CVar settings from Section [PostProcessQuality@3] File [E:/Dateien/Github/CD-Camp/CD-Camp_2D_Adventure/Unreal_Projekt/Adventure/Saved/Config/Windows/Scalability.ini]
[2019.04.25-10.45.57:563][  0]LogConfig: Setting CVar [[r.MotionBlurQuality:4]]
[2019.04.25-10.45.57:563][  0]LogConfig: Setting CVar [[r.AmbientOcclusionMipLevelFactor:0.4]]
[2019.04.25-10.45.57:563][  0]LogConfig: Setting CVar [[r.AmbientOcclusionMaxQuality:100]]
[2019.04.25-10.45.57:563][  0]LogConfig: Setting CVar [[r.AmbientOcclusionLevels:-1]]
[2019.04.25-10.45.57:563][  0]LogConfig: Setting CVar [[r.AmbientOcclusionRadiusScale:1.0]]
[2019.04.25-10.45.57:563][  0]LogConfig: Setting CVar [[r.DepthOfFieldQuality:2]]
[2019.04.25-10.45.57:563][  0]LogConfig: Setting CVar [[r.RenderTargetPoolMin:400]]
[2019.04.25-10.45.57:563][  0]LogConfig: Setting CVar [[r.LensFlareQuality:2]]
[2019.04.25-10.45.57:564][  0]LogConfig: Setting CVar [[r.SceneColorFringeQuality:1]]
[2019.04.25-10.45.57:564][  0]LogConfig: Setting CVar [[r.EyeAdaptationQuality:2]]
[2019.04.25-10.45.57:564][  0]LogConfig: Setting CVar [[r.BloomQuality:5]]
[2019.04.25-10.45.57:564][  0]LogConfig: Setting CVar [[r.FastBlurThreshold:100]]
[2019.04.25-10.45.57:564][  0]LogConfig: Setting CVar [[r.Upscale.Quality:3]]
[2019.04.25-10.45.57:564][  0]LogConfig: Setting CVar [[r.Tonemapper.GrainQuantization:1]]
[2019.04.25-10.45.57:564][  0]LogConfig: Setting CVar [[r.LightShaftQuality:1]]
[2019.04.25-10.45.57:564][  0]LogConfig: Setting CVar [[r.Filter.SizeScale:1]]
[2019.04.25-10.45.57:564][  0]LogConfig: Setting CVar [[r.Tonemapper.Quality:5]]
[2019.04.25-10.45.57:564][  0]LogConfig: Setting CVar [[r.DOF.Gather.AccumulatorQuality:1        ; higher gathering accumulator quality]]
[2019.04.25-10.45.57:564][  0]LogConfig: Setting CVar [[r.DOF.Gather.PostfilterMethod:1          ; Median3x3 postfilering method]]
[2019.04.25-10.45.57:564][  0]LogConfig: Setting CVar [[r.DOF.Gather.EnableBokehSettings:0       ; no bokeh simulation when gathering]]
[2019.04.25-10.45.57:564][  0]LogConfig: Setting CVar [[r.DOF.Gather.RingCount:4                 ; medium number of samples when gathering]]
[2019.04.25-10.45.57:564][  0]LogConfig: Setting CVar [[r.DOF.Scatter.ForegroundCompositing:1    ; additive foreground scattering]]
[2019.04.25-10.45.57:564][  0]LogConfig: Setting CVar [[r.DOF.Scatter.BackgroundCompositing:2    ; additive background scattering]]
[2019.04.25-10.45.57:564][  0]LogConfig: Setting CVar [[r.DOF.Scatter.EnableBokehSettings:1      ; bokeh simulation when scattering]]
[2019.04.25-10.45.57:564][  0]LogConfig: Setting CVar [[r.DOF.Scatter.MaxSpriteRatio:0.1         ; only a maximum of 10% of scattered bokeh]]
[2019.04.25-10.45.57:564][  0]LogConfig: Setting CVar [[r.DOF.Recombine.Quality:1                ; cheap slight out of focus]]
[2019.04.25-10.45.57:564][  0]LogConfig: Setting CVar [[r.DOF.Recombine.EnableBokehSettings:0    ; no bokeh simulation on slight out of focus]]
[2019.04.25-10.45.57:564][  0]LogConfig: Setting CVar [[r.DOF.TemporalAAQuality:1                ; more stable temporal accumulation]]
[2019.04.25-10.45.57:564][  0]LogConfig: Setting CVar [[r.DOF.Kernel.MaxForegroundRadius:0.025]]
[2019.04.25-10.45.57:564][  0]LogConfig: Setting CVar [[r.DOF.Kernel.MaxBackgroundRadius:0.025]]
[2019.04.25-10.45.57:564][  0]LogConfig: Applying CVar settings from Section [TextureQuality@3] File [E:/Dateien/Github/CD-Camp/CD-Camp_2D_Adventure/Unreal_Projekt/Adventure/Saved/Config/Windows/Scalability.ini]
[2019.04.25-10.45.57:564][  0]LogConfig: Setting CVar [[r.Streaming.MipBias:0]]
[2019.04.25-10.45.57:564][  0]LogConfig: Setting CVar [[r.Streaming.AmortizeCPUToGPUCopy:0]]
[2019.04.25-10.45.57:564][  0]LogConfig: Setting CVar [[r.Streaming.MaxNumTexturesToStreamPerFrame:0]]
[2019.04.25-10.45.57:564][  0]LogConfig: Setting CVar [[r.Streaming.Boost:1]]
[2019.04.25-10.45.57:564][  0]LogConfig: Setting CVar [[r.MaxAnisotropy:8]]
[2019.04.25-10.45.57:564][  0]LogConfig: Setting CVar [[r.Streaming.LimitPoolSizeToVRAM:0]]
[2019.04.25-10.45.57:564][  0]LogConfig: Setting CVar [[r.Streaming.PoolSize:1000]]
[2019.04.25-10.45.57:564][  0]LogConfig: Setting CVar [[r.Streaming.MaxEffectiveScreenSize:0]]
[2019.04.25-10.45.57:564][  0]LogConfig: Applying CVar settings from Section [EffectsQuality@3] File [E:/Dateien/Github/CD-Camp/CD-Camp_2D_Adventure/Unreal_Projekt/Adventure/Saved/Config/Windows/Scalability.ini]
[2019.04.25-10.45.57:564][  0]LogConfig: Setting CVar [[r.TranslucencyLightingVolumeDim:64]]
[2019.04.25-10.45.57:564][  0]LogConfig: Setting CVar [[r.RefractionQuality:2]]
[2019.04.25-10.45.57:564][  0]LogConfig: Setting CVar [[r.SSR.Quality:3]]
[2019.04.25-10.45.57:565][  0]LogConfig: Setting CVar [[r.SceneColorFormat:4]]
[2019.04.25-10.45.57:565][  0]LogConfig: Setting CVar [[r.DetailMode:2]]
[2019.04.25-10.45.57:565][  0]LogConfig: Setting CVar [[r.TranslucencyVolumeBlur:1]]
[2019.04.25-10.45.57:565][  0]LogConfig: Setting CVar [[r.MaterialQualityLevel:1 ; High quality]]
[2019.04.25-10.45.57:565][  0]LogConfig: Setting CVar [[r.SSS.Scale:1]]
[2019.04.25-10.45.57:565][  0]LogConfig: Setting CVar [[r.SSS.SampleSet:2]]
[2019.04.25-10.45.57:565][  0]LogConfig: Setting CVar [[r.SSS.Quality:1]]
[2019.04.25-10.45.57:565][  0]LogConfig: Setting CVar [[r.SSS.HalfRes:1]]
[2019.04.25-10.45.57:565][  0]LogConfig: Setting CVar [[r.EmitterSpawnRateScale:1.0]]
[2019.04.25-10.45.57:565][  0]LogConfig: Setting CVar [[r.ParticleLightQuality:2]]
[2019.04.25-10.45.57:565][  0]LogConfig: Applying CVar settings from Section [FoliageQuality@3] File [E:/Dateien/Github/CD-Camp/CD-Camp_2D_Adventure/Unreal_Projekt/Adventure/Saved/Config/Windows/Scalability.ini]
[2019.04.25-10.45.57:565][  0]LogConfig: Setting CVar [[foliage.DensityScale:1.0]]
[2019.04.25-10.45.57:565][  0]LogConfig: Setting CVar [[grass.DensityScale:1.0]]
[2019.04.25-10.45.57:565][  0]LogConfig: Applying CVar settings from Section [Startup] File [../../../Engine/Config/ConsoleVariables.ini]
[2019.04.25-10.45.57:565][  0]LogConfig: Setting CVar [[net.UseAdaptiveNetUpdateFrequency:0]]
[2019.04.25-10.45.57:565][  0]LogConfig: Setting CVar [[p.chaos.AllowCreatePhysxBodies:1]]
[2019.04.25-10.45.57:565][  0]LogConfig: Applying CVar settings from Section [ConsoleVariables] File [E:/Dateien/Github/CD-Camp/CD-Camp_2D_Adventure/Unreal_Projekt/Adventure/Saved/Config/Windows/Engine.ini]
[2019.04.25-10.45.57:566][  0]LogInit: Computer: COMPUTER03
[2019.04.25-10.45.57:566][  0]LogInit: User: Computer03
[2019.04.25-10.45.57:566][  0]LogInit: CPU Page size=4096, Cores=4
[2019.04.25-10.45.57:566][  0]LogInit: High frequency timer resolution =10.000000 MHz
[2019.04.25-10.45.57:566][  0]LogMemory: Memory total: Physical=15.9GB (16GB approx)
[2019.04.25-10.45.57:566][  0]LogMemory: Platform Memory Stats for Windows
[2019.04.25-10.45.57:566][  0]LogMemory: Process Physical Memory: 96.44 MB used, 96.45 MB peak
[2019.04.25-10.45.57:566][  0]LogMemory: Process Virtual Memory: 89.19 MB used, 89.19 MB peak
[2019.04.25-10.45.57:566][  0]LogMemory: Physical Memory: 5740.02 MB used,  10531.28 MB free, 16271.29 MB total
[2019.04.25-10.45.57:566][  0]LogMemory: Virtual Memory: 4640.75 MB used,  134213088.00 MB free, 134217728.00 MB total
[2019.04.25-10.45.57:625][  0]LogInit: Using OS detected language (de-DE).
[2019.04.25-10.45.57:625][  0]LogInit: Using OS detected locale (de-DE).
[2019.04.25-10.45.57:627][  0]LogTextLocalizationManager: No specific localization for 'de-DE' exists, so the 'de' localization will be used.
[2019.04.25-10.45.57:628][  0]LogTextLocalizationResource: LocRes '../../../Engine/Content/Localization/Editor/de/Editor.locres' could not be opened for reading!
[2019.04.25-10.45.57:628][  0]LogTextLocalizationResource: LocRes '../../../Engine/Content/Localization/EditorTutorials/de/EditorTutorials.locres' could not be opened for reading!
[2019.04.25-10.45.57:628][  0]LogTextLocalizationResource: LocRes '../../../Engine/Content/Localization/Keywords/de/Keywords.locres' could not be opened for reading!
[2019.04.25-10.45.57:628][  0]LogTextLocalizationResource: LocRes '../../../Engine/Content/Localization/Category/de/Category.locres' could not be opened for reading!
[2019.04.25-10.45.57:628][  0]LogTextLocalizationResource: LocRes '../../../Engine/Content/Localization/ToolTips/de/ToolTips.locres' could not be opened for reading!
[2019.04.25-10.45.57:628][  0]LogTextLocalizationResource: LocRes '../../../Engine/Content/Localization/PropertyNames/de/PropertyNames.locres' could not be opened for reading!
[2019.04.25-10.45.57:628][  0]LogTextLocalizationResource: LocRes '../../../Engine/Content/Localization/Engine/de/Engine.locres' could not be opened for reading!
[2019.04.25-10.45.57:630][  0]LogInit: Setting process to per monitor DPI aware
[2019.04.25-10.45.57:669][  0]LogSlate: New Slate User Created.  User Index 0, Is Virtual User: 0
[2019.04.25-10.45.57:669][  0]LogSlate: Slate User Registered.  User Index 0, Is Virtual User: 0
[2019.04.25-10.45.57:965][  0]LogHMD: Failed to initialize OpenVR with code 110
[2019.04.25-10.45.57:965][  0]LogD3D11RHI: D3D11 adapters:
[2019.04.25-10.45.58:047][  0]LogD3D11RHI:    0. 'NVIDIA GeForce GTX 770M' (Feature Level 11_0)
[2019.04.25-10.45.58:047][  0]LogD3D11RHI:       3029/0/8135 MB DedicatedVideo/DedicatedSystem/SharedSystem, Outputs:1, VendorId:0x10de
[2019.04.25-10.45.58:056][  0]LogD3D11RHI:    1. 'Intel(R) HD Graphics 4600' (Feature Level 11_0)
[2019.04.25-10.45.58:056][  0]LogD3D11RHI:       112/0/2048 MB DedicatedVideo/DedicatedSystem/SharedSystem, Outputs:0, VendorId:0x8086
[2019.04.25-10.45.58:059][  0]LogD3D11RHI:    2. 'Microsoft Basic Render Driver' (Feature Level 11_0)
[2019.04.25-10.45.58:059][  0]LogD3D11RHI:       0/0/8135 MB DedicatedVideo/DedicatedSystem/SharedSystem, Outputs:0, VendorId:0x1414
[2019.04.25-10.45.58:059][  0]LogD3D11RHI: Chosen D3D11 Adapter: 0
[2019.04.25-10.45.58:099][  0]LogD3D11RHI: Creating new Direct3DDevice
[2019.04.25-10.45.58:100][  0]LogD3D11RHI:     GPU DeviceId: 0x11e0 (for the marketing name, search the web for "GPU Device Id")
[2019.04.25-10.45.58:100][  0]LogWindows: EnumDisplayDevices:
[2019.04.25-10.45.58:100][  0]LogWindows:    0. 'Intel(R) HD Graphics 4600' (P:1 D:1)
[2019.04.25-10.45.58:100][  0]LogWindows:    1. 'Intel(R) HD Graphics 4600' (P:0 D:0)
[2019.04.25-10.45.58:101][  0]LogWindows:    2. 'Intel(R) HD Graphics 4600' (P:0 D:0)
[2019.04.25-10.45.58:102][  0]LogWindows:    3. 'NVIDIA GeForce GTX 770M' (P:0 D:0)
[2019.04.25-10.45.58:102][  0]LogWindows:    4. 'NVIDIA GeForce GTX 770M' (P:0 D:0)
[2019.04.25-10.45.58:103][  0]LogWindows:    5. 'NVIDIA GeForce GTX 770M' (P:0 D:0)
[2019.04.25-10.45.58:104][  0]LogWindows:    6. 'NVIDIA GeForce GTX 770M' (P:0 D:0)
[2019.04.25-10.45.58:104][  0]LogWindows: DebugString: PrimaryIsNotTheChoosenAdapter PrimaryIsNotTheChoosenAdapter PrimaryIsNotTheChoosenAdapter FoundDriverCount:4 
[2019.04.25-10.45.58:104][  0]LogD3D11RHI:     Adapter Name: NVIDIA GeForce GTX 770M
[2019.04.25-10.45.58:104][  0]LogD3D11RHI:   Driver Version: 419.35 (internal:25.21.14.1935, unified:419.35)
[2019.04.25-10.45.58:104][  0]LogD3D11RHI:      Driver Date: 3-1-2019
[2019.04.25-10.45.58:104][  0]LogRHI: Texture pool is 2120 MB (70% of 3029 MB)
[2019.04.25-10.45.58:163][  0]LogD3D11RHI: Async texture creation enabled
[2019.04.25-10.45.58:169][  0]LogRendererCore: FGlobalReadBuffer::InitRHI
[2019.04.25-10.45.58:170][  0]LogRendererCore: FGlobalReadBuffer::InitRHI
[2019.04.25-10.45.58:170][  0]LogRendererCore: FGlobalReadBuffer::InitRHI
[2019.04.25-10.45.58:179][  0]LogD3D11RHI: GPU Timing Frequency: 1000.000000 (Debug: 2 1)
[2019.04.25-10.45.58:634][  0]LogTemp: Display: Module 'AllDesktopTargetPlatform' loaded TargetPlatform 'AllDesktop'
[2019.04.25-10.45.58:663][  0]LogTemp: Display: Module 'MacClientTargetPlatform' loaded TargetPlatform 'MacClient'
[2019.04.25-10.45.58:688][  0]LogTemp: Display: Module 'MacNoEditorTargetPlatform' loaded TargetPlatform 'MacNoEditor'
[2019.04.25-10.45.58:716][  0]LogTemp: Display: Module 'MacServerTargetPlatform' loaded TargetPlatform 'MacServer'
[2019.04.25-10.45.58:740][  0]LogTemp: Display: Module 'MacTargetPlatform' loaded TargetPlatform 'Mac'
[2019.04.25-10.45.58:769][  0]LogTemp: Display: Module 'WindowsClientTargetPlatform' loaded TargetPlatform 'WindowsClient'
[2019.04.25-10.45.58:803][  0]LogTemp: Display: Module 'WindowsNoEditorTargetPlatform' loaded TargetPlatform 'WindowsNoEditor'
[2019.04.25-10.45.58:832][  0]LogTemp: Display: Module 'WindowsServerTargetPlatform' loaded TargetPlatform 'WindowsServer'
[2019.04.25-10.45.58:849][  0]LogTemp: Display: Module 'WindowsTargetPlatform' loaded TargetPlatform 'Windows'
[2019.04.25-10.45.58:977][  0]LogTemp: Display: Module 'AndroidTargetPlatform' loaded TargetPlatform 'Android'
[2019.04.25-10.45.58:977][  0]LogTemp: Display: Module 'AndroidTargetPlatform' loaded TargetPlatform 'Android_ASTC'
[2019.04.25-10.45.58:977][  0]LogTemp: Display: Module 'AndroidTargetPlatform' loaded TargetPlatform 'Android_ATC'
[2019.04.25-10.45.58:977][  0]LogTemp: Display: Module 'AndroidTargetPlatform' loaded TargetPlatform 'Android_DXT'
[2019.04.25-10.45.58:977][  0]LogTemp: Display: Module 'AndroidTargetPlatform' loaded TargetPlatform 'Android_ETC1'
[2019.04.25-10.45.58:977][  0]LogTemp: Display: Module 'AndroidTargetPlatform' loaded TargetPlatform 'Android_ETC1a'
[2019.04.25-10.45.58:977][  0]LogTemp: Display: Module 'AndroidTargetPlatform' loaded TargetPlatform 'Android_ETC2'
[2019.04.25-10.45.58:977][  0]LogTemp: Display: Module 'AndroidTargetPlatform' loaded TargetPlatform 'Android_PVRTC'
[2019.04.25-10.45.58:978][  0]LogTemp: Display: Module 'AndroidTargetPlatform' loaded TargetPlatform 'AndroidClient'
[2019.04.25-10.45.58:978][  0]LogTemp: Display: Module 'AndroidTargetPlatform' loaded TargetPlatform 'Android_ASTCClient'
[2019.04.25-10.45.58:978][  0]LogTemp: Display: Module 'AndroidTargetPlatform' loaded TargetPlatform 'Android_ATCClient'
[2019.04.25-10.45.58:978][  0]LogTemp: Display: Module 'AndroidTargetPlatform' loaded TargetPlatform 'Android_DXTClient'
[2019.04.25-10.45.58:978][  0]LogTemp: Display: Module 'AndroidTargetPlatform' loaded TargetPlatform 'Android_ETC1Client'
[2019.04.25-10.45.58:978][  0]LogTemp: Display: Module 'AndroidTargetPlatform' loaded TargetPlatform 'Android_ETC1aClient'
[2019.04.25-10.45.58:978][  0]LogTemp: Display: Module 'AndroidTargetPlatform' loaded TargetPlatform 'Android_ETC2Client'
[2019.04.25-10.45.58:978][  0]LogTemp: Display: Module 'AndroidTargetPlatform' loaded TargetPlatform 'Android_PVRTCClient'
[2019.04.25-10.45.58:978][  0]LogTemp: Display: Module 'AndroidTargetPlatform' loaded TargetPlatform 'Android_Multi'
[2019.04.25-10.45.58:978][  0]LogTemp: Display: Module 'AndroidTargetPlatform' loaded TargetPlatform 'Android_MultiClient'
[2019.04.25-10.45.58:982][  0]LogTemp: Display: Module 'HTML5TargetPlatform' loaded TargetPlatform 'HTML5'
[2019.04.25-10.45.59:066][  0]LogTemp: Display: Module 'IOSTargetPlatform' loaded TargetPlatform 'IOSClient'
[2019.04.25-10.45.59:066][  0]LogTemp: Display: Module 'IOSTargetPlatform' loaded TargetPlatform 'IOS'
[2019.04.25-10.45.59:147][  0]LogTemp: Display: Module 'TVOSTargetPlatform' loaded TargetPlatform 'TVOSClient'
[2019.04.25-10.45.59:147][  0]LogTemp: Display: Module 'TVOSTargetPlatform' loaded TargetPlatform 'TVOS'
[2019.04.25-10.45.59:197][  0]LogTemp: Display: Module 'LinuxClientTargetPlatform' loaded TargetPlatform 'LinuxClient'
[2019.04.25-10.45.59:221][  0]LogTemp: Display: Module 'LinuxNoEditorTargetPlatform' loaded TargetPlatform 'LinuxNoEditor'
[2019.04.25-10.45.59:251][  0]LogTemp: Display: Module 'LinuxServerTargetPlatform' loaded TargetPlatform 'LinuxServer'
[2019.04.25-10.45.59:284][  0]LogTemp: Display: Module 'LinuxTargetPlatform' loaded TargetPlatform 'Linux'
[2019.04.25-10.45.59:382][  0]LogTemp: Display: Module 'LuminTargetPlatform' loaded TargetPlatform 'Lumin'
[2019.04.25-10.45.59:383][  0]LogTemp: Display: Module 'LuminTargetPlatform' loaded TargetPlatform 'LuminClient'
[2019.04.25-10.45.59:383][  0]LogTargetPlatformManager: Display: Building Assets For Windows
[2019.04.25-10.45.59:407][  0]LogAudioDebug: Display: Lib vorbis DLL was dynamically loaded.
[2019.04.25-10.45.59:554][  0]LogShaderCompilers: Guid format shader working directory is -35 characters bigger than the processId version (../../../../../../Dateien/Github/CD-Camp/CD-Camp_2D_Adventure/Unreal_Projekt/Adventure/Intermediate/Shaders/WorkingDirectory/10408/).
[2019.04.25-10.45.59:554][  0]LogShaderCompilers: Cleaned the shader compiler working directory 'C:/Users/Computer-03/AppData/Local/Temp/UnrealShaderWorkingDir/C746A04E42A7D2EC7960E5846A32D297/'.
[2019.04.25-10.45.59:563][  0]LogXGEController: Cannot use XGE Controller as Incredibuild is not installed on this machine.
[2019.04.25-10.45.59:563][  0]LogShaderCompilers: Cannot use XGE Shader Compiler as Incredibuild is not installed on this machine.
[2019.04.25-10.45.59:563][  0]LogShaderCompilers: Display: Using Local Shader Compiler.
[2019.04.25-10.46.00:434][  0]LogDerivedDataCache: Display: Max Cache Size: 512 MB
[2019.04.25-10.46.00:516][  0]LogDerivedDataCache: Loaded boot cache 0.08s 71MB C:/Users/Computer-03/AppData/Local/UnrealEngine/4.22/DerivedDataCache/Boot.ddc.
[2019.04.25-10.46.00:516][  0]LogDerivedDataCache: Display: Loaded Boot cache: C:/Users/Computer-03/AppData/Local/UnrealEngine/4.22/DerivedDataCache/Boot.ddc
[2019.04.25-10.46.00:516][  0]LogDerivedDataCache: FDerivedDataBackendGraph:  Pak pak cache file ../../../../../../Dateien/Github/CD-Camp/CD-Camp_2D_Adventure/Unreal_Projekt/Adventure/DerivedDataCache/DDC.ddp not found, will not use a pak cache.
[2019.04.25-10.46.00:516][  0]LogDerivedDataCache: Unable to find inner node Pak for hierarchical cache Hierarchy.
[2019.04.25-10.46.00:516][  0]LogDerivedDataCache: FDerivedDataBackendGraph:  CompressedPak pak cache file ../../../../../../Dateien/Github/CD-Camp/CD-Camp_2D_Adventure/Unreal_Projekt/Adventure/DerivedDataCache/Compressed.ddp not found, will not use a pak cache.
[2019.04.25-10.46.00:516][  0]LogDerivedDataCache: Unable to find inner node CompressedPak for hierarchical cache Hierarchy.
[2019.04.25-10.46.00:533][  0]LogDerivedDataCache: Display: Pak cache opened for reading ../../../Engine/DerivedDataCache/Compressed.ddp.
[2019.04.25-10.46.00:534][  0]LogDerivedDataCache: FDerivedDataBackendGraph:  EnterprisePak pak cache file ../../../Enterprise/DerivedDataCache/Compressed.ddp not found, will not use a pak cache.
[2019.04.25-10.46.00:534][  0]LogDerivedDataCache: Unable to find inner node EnterprisePak for hierarchical cache Hierarchy.
[2019.04.25-10.46.00:546][  0]LogDerivedDataCache: Using Local data cache path C:/Users/Computer-03/AppData/Local/UnrealEngine/Common/DerivedDataCache: Writable
[2019.04.25-10.46.00:546][  0]LogDerivedDataCache: Shared data cache path not found in *engine.ini, will not use an Shared cache.
[2019.04.25-10.46.00:546][  0]LogDerivedDataCache: Unable to find inner node Shared for hierarchical cache Hierarchy.
[2019.04.25-10.46.00:574][  0]LogMaterial: Verifying Global Shaders for PCD3D_SM5
[2019.04.25-10.46.00:575][  0]LogSlate: Using FreeType 2.6.0
[2019.04.25-10.46.00:576][  0]LogSlate: SlateFontServices - WITH_FREETYPE: 1, WITH_HARFBUZZ: 1
[2019.04.25-10.46.00:708][  0]LogAssetRegistry: FAssetRegistry took 0.0381 seconds to start up
[2019.04.25-10.46.01:201][  0]LogInit: Selected Device Profile: [Windows]
[2019.04.25-10.46.01:466][  0]LogMeshReduction: Using QuadricMeshReduction for automatic static mesh reduction
[2019.04.25-10.46.01:466][  0]LogMeshReduction: Using SimplygonMeshReduction for automatic skeletal mesh reduction
[2019.04.25-10.46.01:466][  0]LogMeshReduction: Using ProxyLODMeshReduction for automatic mesh merging
[2019.04.25-10.46.01:466][  0]LogMeshReduction: No distributed automatic mesh merging module available
[2019.04.25-10.46.01:467][  0]LogMeshMerging: No distributed automatic mesh merging module available
[2019.04.25-10.46.01:480][  0]LogNetVersion: Adventure 1.0.0, NetCL: 5660361, EngineNetVer: 10, GameNetVer: 0 (Checksum: 2945792933)
[2019.04.25-10.46.01:951][  0]LogPackageLocalizationCache: Processed 10 localized package path(s) for 1 prioritized culture(s) in 0.040180 seconds
[2019.04.25-10.46.01:959][  0]LogUObjectArray: 42205 objects as part of root set at end of initial load.
[2019.04.25-10.46.01:959][  0]LogUObjectAllocator: 7325032 out of 0 bytes used by permanent object pool.
[2019.04.25-10.46.01:959][  0]LogUObjectArray: CloseDisregardForGC: 0/0 objects in disregard for GC pool
[2019.04.25-10.46.03:362][  0]LogTcpMessaging: Initializing TcpMessaging bridge
[2019.04.25-10.46.03:376][  0]LogUdpMessaging: Initializing bridge on interface 0.0.0.0:0 to multicast group 230.0.0.1:6666.
[2019.04.25-10.46.03:533][  0]SourceControl: Source control is disabled
[2019.04.25-10.46.03:533][  0]SourceControl: Source control is disabled
[2019.04.25-10.46.03:534][  0]SourceControl: Source control is disabled
[2019.04.25-10.46.03:535][  0]SourceControl: Source control is disabled
[2019.04.25-10.46.03:546][  0]LogVSAccessor: Display: Unable to create Visual Studio setup instance: 80040154
[2019.04.25-10.46.03:547][  0]LogVSAccessor: Display: Unable to create Visual Studio setup instance: 80040154
[2019.04.25-10.46.03:632][  0]LogAndroidPermission: UAndroidPermissionCallbackProxy::GetInstance
[2019.04.25-10.46.03:864][  0]LogOcInput: OculusInput pre-init called
[2019.04.25-10.46.05:045][  0]LogEngine: Initializing Engine...
[2019.04.25-10.46.05:046][  0]LogHMD: Failed to initialize OpenVR with code 110
[2019.04.25-10.46.05:047][  0]LogStats: UGameplayTagsManager::InitializeManager -  0.000 s
[2019.04.25-10.46.05:298][  0]LogInit: Initializing FReadOnlyCVARCache
[2019.04.25-10.46.05:331][  0]LogAIModule: Creating AISystem for world Untitled
[2019.04.25-10.46.05:358][  0]LogInit: XAudio2 using 'Lautsprecher (2- High Definition Audio-Gerät)' : 2 channels at 48 kHz using 16 bits per sample (channel mask 0x3)
[2019.04.25-10.46.05:449][  0]LogInit: FAudioDevice initialized.
[2019.04.25-10.46.05:450][  0]LogNetVersion: Set ProjectVersion to 1.0.0.0. Version Checksum will be recalculated on next use.
[2019.04.25-10.46.05:614][  0]LogDerivedDataCache: Saved boot cache 0.16s 71MB C:/Users/Computer-03/AppData/Local/UnrealEngine/4.22/DerivedDataCache/Boot.ddc.
[2019.04.25-10.46.05:643][  0]LogInit: Texture streaming: Enabled
[2019.04.25-10.46.05:745][  0]LogEngineSessionManager: EngineSessionManager initialized
[2019.04.25-10.46.05:798][  0]LogInit: Transaction tracking system initialized
[2019.04.25-10.46.05:862][  0]BlueprintLog: New page: Editor Load
[2019.04.25-10.46.06:076][  0]LocalizationService: Localization service is disabled
[2019.04.25-10.46.06:286][  0]LogVSAccessor: Display: Unable to create Visual Studio setup instance: 80040154
[2019.04.25-10.46.06:287][  0]LogVSAccessor: Display: Unable to create Visual Studio setup instance: 80040154
[2019.04.25-10.46.06:470][  0]LogCook: Display: Max memory allowance for cook 16384mb min free memory 0mb
[2019.04.25-10.46.06:470][  0]LogCook: Display: Mobile HDR setting 1
[2019.04.25-10.46.06:827][  0]LogFileCache: Scanning file cache for directory 'E:/Dateien/Github/CD-Camp/CD-Camp_2D_Adventure/Unreal_Projekt/Adventure/Content/' took 0.03s
[2019.04.25-10.46.06:827][  0]SourceControl: Source control is disabled
[2019.04.25-10.46.06:828][  0]Cmd: MAP LOAD FILE="../../../../../../Dateien/Github/CD-Camp/CD-Camp_2D_Adventure/Unreal_Projekt/Adventure/Content/TopDownBP/Maps/TopDownExampleMap.umap" TEMPLATE=0 SHOWPROGRESS=1 FEATURELEVEL=3
[2019.04.25-10.46.06:828][  0]LogEditorServer: Warning: Can't find file '../../../../../../Dateien/Github/CD-Camp/CD-Camp_2D_Adventure/Unreal_Projekt/Adventure/Content/TopDownBP/Maps/TopDownExampleMap.umap'
[2019.04.25-10.46.06:828][  0]Cmd: MAP CHECKDEP NOCLEARLOG
[2019.04.25-10.46.06:828][  0]MapCheck: Map check complete: 0 Error(s), 0 Warning(s), took 0,149ms to complete.
[2019.04.25-10.46.06:828][  0]LogFileHelpers: Loading map 'TopDownExampleMap' took 0.001
[2019.04.25-10.46.06:933][  0]LogSlate: Updating window title bar state: overlay mode, drag disabled, window buttons hidden, title bar hidden
[2019.04.25-10.46.06:943][  0]LogSlate: Updating window title bar state: overlay mode, drag disabled, window buttons hidden, title bar hidden
[2019.04.25-10.46.06:952][  0]LogSlate: Updating window title bar state: overlay mode, drag disabled, window buttons hidden, title bar hidden
[2019.04.25-10.46.06:961][  0]LogSlate: Updating window title bar state: overlay mode, drag disabled, window buttons hidden, title bar hidden
[2019.04.25-10.46.06:978][  0]LogCollectionManager: Loaded 0 collections in 0.006740 seconds
[2019.04.25-10.46.06:999][  0]LogFileCache: Scanning file cache for directory 'E:/Dateien/Github/CD-Camp/CD-Camp_2D_Adventure/Unreal_Projekt/Adventure/Saved/Collections/' took 0.01s
[2019.04.25-10.46.06:999][  0]LogFileCache: Scanning file cache for directory 'E:/Dateien/Github/CD-Camp/CD-Camp_2D_Adventure/Unreal_Projekt/Adventure/Content/Developers/Computer03/Collections/' took 0.00s
[2019.04.25-10.46.06:999][  0]LogFileCache: Scanning file cache for directory 'E:/Dateien/Github/CD-Camp/CD-Camp_2D_Adventure/Unreal_Projekt/Adventure/Content/Collections/' took 0.00s
[2019.04.25-10.46.06:999][  0]LogCollectionManager: Rebuilt the GUID cache for 0 collections in 0.000000 seconds
[2019.04.25-10.46.07:008][  0]LogContentBrowser: Native class hierarchy populated in 0.0094 seconds. Added 2732 classes and 659 folders.
[2019.04.25-10.46.07:037][  0]LogContentBrowser: Native class hierarchy updated for 'WidgetCarousel' in 0.0003 seconds. Added 0 classes and 0 folders.
[2019.04.25-10.46.07:040][  0]LogPakFile: Registered encryption key '00000000000000000000000000000000': 0 pak files mounted, 0 remain pending
[2019.04.25-10.46.07:041][  0]LogPakFile: Registered encryption key '00000000000000000000000000000000': 0 pak files mounted, 0 remain pending
[2019.04.25-10.46.07:041][  0]LogPakFile: Registered encryption key '00000000000000000000000000000000': 0 pak files mounted, 0 remain pending
[2019.04.25-10.46.07:042][  0]LogPakFile: Registered encryption key '00000000000000000000000000000000': 0 pak files mounted, 0 remain pending
[2019.04.25-10.46.07:043][  0]LogPakFile: Registered encryption key '00000000000000000000000000000000': 0 pak files mounted, 0 remain pending
[2019.04.25-10.46.07:044][  0]LogPakFile: Registered encryption key '00000000000000000000000000000000': 0 pak files mounted, 0 remain pending
[2019.04.25-10.46.07:044][  0]LogPakFile: Registered encryption key '00000000000000000000000000000000': 0 pak files mounted, 0 remain pending
[2019.04.25-10.46.07:045][  0]LogPakFile: Registered encryption key '00000000000000000000000000000000': 0 pak files mounted, 0 remain pending
[2019.04.25-10.46.07:046][  0]LogPakFile: Registered encryption key '00000000000000000000000000000000': 0 pak files mounted, 0 remain pending
[2019.04.25-10.46.07:046][  0]LogPakFile: Registered encryption key '00000000000000000000000000000000': 0 pak files mounted, 0 remain pending
[2019.04.25-10.46.07:047][  0]LogPakFile: Registered encryption key '00000000000000000000000000000000': 0 pak files mounted, 0 remain pending
[2019.04.25-10.46.07:048][  0]LogPakFile: Registered encryption key '00000000000000000000000000000000': 0 pak files mounted, 0 remain pending
[2019.04.25-10.46.07:049][  0]LogPakFile: Registered encryption key '00000000000000000000000000000000': 0 pak files mounted, 0 remain pending
[2019.04.25-10.46.07:049][  0]LogPakFile: Registered encryption key '00000000000000000000000000000000': 0 pak files mounted, 0 remain pending
[2019.04.25-10.46.07:050][  0]LogPakFile: Registered encryption key '00000000000000000000000000000000': 0 pak files mounted, 0 remain pending
[2019.04.25-10.46.07:051][  0]LogPakFile: Registered encryption key '00000000000000000000000000000000': 0 pak files mounted, 0 remain pending
[2019.04.25-10.46.07:052][  0]LogPakFile: Registered encryption key '00000000000000000000000000000000': 0 pak files mounted, 0 remain pending
[2019.04.25-10.46.07:053][  0]LogPakFile: Registered encryption key '00000000000000000000000000000000': 0 pak files mounted, 0 remain pending
[2019.04.25-10.46.07:053][  0]LogPakFile: Registered encryption key '00000000000000000000000000000000': 0 pak files mounted, 0 remain pending
[2019.04.25-10.46.07:054][  0]LogPakFile: Registered encryption key '00000000000000000000000000000000': 0 pak files mounted, 0 remain pending
[2019.04.25-10.46.07:055][  0]LogPakFile: Registered encryption key '00000000000000000000000000000000': 0 pak files mounted, 0 remain pending
[2019.04.25-10.46.07:056][  0]LogPakFile: Registered encryption key '00000000000000000000000000000000': 0 pak files mounted, 0 remain pending
[2019.04.25-10.46.07:057][  0]LogPakFile: Registered encryption key '00000000000000000000000000000000': 0 pak files mounted, 0 remain pending
[2019.04.25-10.46.07:058][  0]LogPakFile: Registered encryption key '00000000000000000000000000000000': 0 pak files mounted, 0 remain pending
[2019.04.25-10.46.07:058][  0]LogPakFile: Registered encryption key '00000000000000000000000000000000': 0 pak files mounted, 0 remain pending
[2019.04.25-10.46.07:059][  0]LogPakFile: Registered encryption key '00000000000000000000000000000000': 0 pak files mounted, 0 remain pending
[2019.04.25-10.46.07:157][  0]LogContentBrowser: Native class hierarchy updated for 'AddContentDialog' in 0.0003 seconds. Added 0 classes and 0 folders.
[2019.04.25-10.46.07:169][  0]LogContentBrowser: Native class hierarchy updated for 'SceneOutliner' in 0.0003 seconds. Added 1 classes and 2 folders.
[2019.04.25-10.46.07:188][  0]LogSlate: Took 0.000902 seconds to synchronously load lazily loaded font '../../../Engine/Content/Slate/Fonts/Roboto-Regular.ttf' (155K)
[2019.04.25-10.46.07:194][  0]LogSlate: Took 0.000875 seconds to synchronously load lazily loaded font '../../../Engine/Content/Slate/Fonts/Roboto-Bold.ttf' (160K)
[2019.04.25-10.46.07:202][  0]LogSlate: Took 0.000485 seconds to synchronously load lazily loaded font '../../../Engine/Content/Editor/Slate/Fonts/FontAwesome.ttf' (139K)
[2019.04.25-10.46.07:330][  0]LogRenderer: Reallocating scene render targets to support 1208x572 Format 10 NumSamples 1 (Frame:1).
[2019.04.25-10.46.07:552][  0]LogContentBrowser: Native class hierarchy updated for 'HierarchicalLODOutliner' in 0.0004 seconds. Added 0 classes and 0 folders.
[2019.04.25-10.46.07:552][  0]LogLoad: (Engine Initialization) Total time: 14.42 seconds
[2019.04.25-10.46.07:552][  0]LogLoad: (Engine Initialization) Total Blueprint compile time: 0.00 seconds
[2019.04.25-10.46.07:643][  0]LogContentStreaming: Texture pool size now 1000 MB
[2019.04.25-10.46.07:688][  0]LogSlate: Took 0.000717 seconds to synchronously load lazily loaded font '../../../Engine/Content/Slate/Fonts/Roboto-Light.ttf' (167K)
[2019.04.25-10.46.07:736][  1]LogAssetRegistry: Asset discovery search completed in 7.0510 seconds
[2019.04.25-10.46.07:741][  1]LogCollectionManager: Rebuilt the object cache for 0 collections in 0.000001 seconds (found 0 objects)
[2019.04.25-10.46.07:741][  1]LogCollectionManager: Fixed up redirectors for 0 collections in 0.000103 seconds (updated 0 objects)
[2019.04.25-10.46.14:082][ 20]LogSlate: FSceneViewport::OnFocusLost() reason 0
[2019.04.25-10.46.17:161][337]LogSlate: Took 0.000508 seconds to synchronously load lazily loaded font '../../../Engine/Content/Slate/Fonts/Roboto-Light.ttf' (167K)
[2019.04.25-10.46.17:182][337]LogLinker: Warning: Can't find file '/Game/Mannequin/Animations/ThirdPerson_AnimBP'
[2019.04.25-10.46.17:183][337]LogLinker: Warning: Can't find file for asset '/Game/Mannequin/Animations/ThirdPerson_AnimBP' while loading NULL.
[2019.04.25-10.46.17:189][337]LogLinker: Warning: Can't find file '/Game/Mannequin/Animations/ThirdPerson_AnimBP'
[2019.04.25-10.46.17:189][337]LogLinker: Warning: Can't find file for asset '/Game/Mannequin/Animations/ThirdPerson_AnimBP' while loading NULL.
[2019.04.25-10.46.17:189][337]LogLinker: Warning: Can't find file '/Game/Mannequin/Character/Mesh/SK_Mannequin'
[2019.04.25-10.46.17:190][337]LogLinker: Warning: Can't find file for asset '/Game/Mannequin/Character/Mesh/SK_Mannequin' while loading NULL.
[2019.04.25-10.46.17:190][337]LogLinker: Warning: Can't find file '/Game/Mannequin/Character/Mesh/SK_Mannequin'
[2019.04.25-10.46.17:190][337]LogLinker: Warning: Can't find file for asset '/Game/Mannequin/Character/Mesh/SK_Mannequin' while loading NULL.
[2019.04.25-10.46.17:191][337]LogLinker: Warning: Can't find file '/Game/Mannequin/Animations/ThirdPerson_AnimBP'
[2019.04.25-10.46.17:192][337]LogLinker: Warning: Can't find file for asset '/Game/Mannequin/Animations/ThirdPerson_AnimBP' while loading NULL.
[2019.04.25-10.46.17:192][337]LogLinker: Warning: Can't find file '/Game/Mannequin/Animations/ThirdPerson_AnimBP'
[2019.04.25-10.46.17:192][337]LogLinker: Warning: Can't find file for asset '/Game/Mannequin/Animations/ThirdPerson_AnimBP' while loading NULL.
[2019.04.25-10.46.17:192][337]LogLinker: Warning: Can't find file '/Game/Mannequin/Character/Mesh/SK_Mannequin'
[2019.04.25-10.46.17:192][337]LogLinker: Warning: Can't find file for asset '/Game/Mannequin/Character/Mesh/SK_Mannequin' while loading NULL.
[2019.04.25-10.46.17:192][337]LogLinker: Warning: Can't find file '/Game/Mannequin/Character/Mesh/SK_Mannequin'
[2019.04.25-10.46.17:192][337]LogLinker: Warning: Can't find file for asset '/Game/Mannequin/Character/Mesh/SK_Mannequin' while loading NULL.
[2019.04.25-10.46.17:193][337]LogLinker: Warning: Can't find file '/Game/Mannequin/Animations/ThirdPerson_AnimBP'
[2019.04.25-10.46.17:193][337]LoadErrors: Failed to load /Game/Mannequin/Animations/ThirdPerson_AnimBP.ThirdPerson_AnimBP_C Referenced by Default__TopDownCharacter_C
[2019.04.25-10.46.17:193][337]LogLinker: Warning: Can't find file for asset '/Game/Mannequin/Animations/ThirdPerson_AnimBP' while loading NULL.
[2019.04.25-10.46.17:193][337]LogLinker: Warning: Can't find file '/Game/Mannequin/Character/Mesh/SK_Mannequin'
[2019.04.25-10.46.17:193][337]LoadErrors: Failed to load /Game/Mannequin/Character/Mesh/SK_Mannequin.SK_Mannequin Referenced by Default__TopDownCharacter_C
[2019.04.25-10.46.17:194][337]LogLinker: Warning: Can't find file for asset '/Game/Mannequin/Character/Mesh/SK_Mannequin' while loading NULL.
[2019.04.25-10.46.17:275][337]LogAIModule: Creating AISystem for world My_World
[2019.04.25-10.46.17:285][337]LogAssetEditorManager: Opening Asset editor for World /Game/Lennart/My_World.My_World
[2019.04.25-10.46.17:314][337]LogUObjectHash: Compacting FUObjectHashTables data took   2.36ms
[2019.04.25-10.46.17:315][337]Cmd: MAP LOAD FILE="../../../../../../Dateien/Github/CD-Camp/CD-Camp_2D_Adventure/Unreal_Projekt/Adventure/Content/Lennart/My_World.umap" TEMPLATE=0 SHOWPROGRESS=1 FEATURELEVEL=3
[2019.04.25-10.46.17:315][337]LightingResults: New page: Lighting Build
[2019.04.25-10.46.17:322][337]LogContentBrowser: Native class hierarchy updated for 'StatsViewer' in 0.0003 seconds. Added 5 classes and 0 folders.
[2019.04.25-10.46.17:323][337]LoadErrors: New page: Loading map: My_World.umap
[2019.04.25-10.46.17:336][337]MapCheck: New page: Map Check
[2019.04.25-10.46.17:336][337]LightingResults: New page: Lighting Build
[2019.04.25-10.46.17:363][337]LogUObjectHash: Compacting FUObjectHashTables data took   1.78ms
[2019.04.25-10.46.17:368][337]LogEditorServer: Finished looking for orphan Actors (0.000 secs)
[2019.04.25-10.46.17:402][337]LogUObjectHash: Compacting FUObjectHashTables data took   1.91ms
[2019.04.25-10.46.17:417][337]Cmd: MAP CHECKDEP NOCLEARLOG
[2019.04.25-10.46.17:417][337]MapCheck: Map check complete: 0 Error(s), 0 Warning(s), took 0,104ms to complete.
[2019.04.25-10.46.17:417][337]LogFileHelpers: Loading map 'My_World' took 0.103
[2019.04.25-10.46.55:815][542]LogEditorViewport: Clicking on Actor (LMB): StaticMeshActor (Cube)
[2019.04.25-10.46.59:509][643]LogEditorViewport: Clicking on Actor (LMB): StaticMeshActor (Cube)
[2019.04.25-10.47.02:924][909]LogSlate: FSceneViewport::OnFocusLost() reason 0
[2019.04.25-10.47.39:587][130]LogEditorViewport: Clicking on Actor (LMB): StaticMeshActor (Cube)
[2019.04.25-10.47.41:429][270]LogSlate: FSceneViewport::OnFocusLost() reason 0
[2019.04.25-10.47.44:020][485]Cmd: DELETE
[2019.04.25-10.47.44:021][485]Cmd: ACTOR DELETE
[2019.04.25-10.47.44:035][485]LogEditorActor: Deleted Actor: TopDownCharacter_C
[2019.04.25-10.47.44:068][485]LogUObjectHash: Compacting FUObjectHashTables data took   1.61ms
[2019.04.25-10.47.44:069][485]LogEditorActor: Deleted 1 Actors (0.047 secs)
[2019.04.25-10.47.45:467][611]LogUObjectHash: Compacting FUObjectHashTables data took   0.73ms
[2019.04.25-10.47.45:641][611]LogSavePackage: Moving '../../../../../../Dateien/Github/CD-Camp/CD-Camp_2D_Adventure/Unreal_Projekt/Adventure/Saved/My_WorldF7B4525943C18D7A8F8E1BA80F1D108B.tmp' to '../../../../../../Dateien/Github/CD-Camp/CD-Camp_2D_Adventure/Unreal_Projekt/Adventure/Content/Lennart/My_World.umap'
[2019.04.25-10.47.45:672][611]LogSavePackage: Moving '../../../../../../Dateien/Github/CD-Camp/CD-Camp_2D_Adventure/Unreal_Projekt/Adventure/Saved/My_World_BuiltData3C26CECD4CE2B1CBD9A26CBCFB22C72A.tmp' to '../../../../../../Dateien/Github/CD-Camp/CD-Camp_2D_Adventure/Unreal_Projekt/Adventure/Content/Lennart/My_World_BuiltData.uasset'
[2019.04.25-10.48.07:674][ 74]LogUObjectHash: Compacting FUObjectHashTables data took   1.89ms
[2019.04.25-10.48.07:758][ 74]LogSavePackage: Moving '../../../../../../Dateien/Github/CD-Camp/CD-Camp_2D_Adventure/Unreal_Projekt/Adventure/Saved/My_World2760F27C4EEFC307254F4EB5A0DF3727.tmp' to '../../../../../../Dateien/Github/CD-Camp/CD-Camp_2D_Adventure/Unreal_Projekt/Adventure/Content/Lennart/My_World.umap'
[2019.04.25-10.48.07:781][ 74]LogSavePackage: Moving '../../../../../../Dateien/Github/CD-Camp/CD-Camp_2D_Adventure/Unreal_Projekt/Adventure/Saved/My_World_BuiltData0F4C27354C6A8F0C19147EBA6BFEBC05.tmp' to '../../../../../../Dateien/Github/CD-Camp/CD-Camp_2D_Adventure/Unreal_Projekt/Adventure/Content/Lennart/My_World_BuiltData.uasset'
